<?xml version="1.0" encoding="UTF-8"?>
<testsuite name="com.cg.findmax.FindMaxTest" tests="2" skipped="0" failures="0" errors="0" timestamp="2020-10-15T19:35:03" hostname="LAPTOP-M4C7MB0K" time="0.003">
  <properties/>
  <testcase name="givenMaxAtPos1_ReturnTrue" classname="com.cg.findmax.FindMaxTest" time="0.002"/>
  <testcase name="givenMaxAtPos2_ReturnTrue" classname="com.cg.findmax.FindMaxTest" time="0.0"/>
  <system-out><![CDATA[]]></system-out>
  <system-err><![CDATA[]]></system-err>
</testsuite>
