<?xml version="1.0" encoding="UTF-8"?>
<testsuite name="com.cg.findmax.FindMaxTest" tests="3" skipped="0" failures="0" errors="0" timestamp="2020-10-15T19:37:02" hostname="LAPTOP-M4C7MB0K" time="0.005">
  <properties/>
  <testcase name="givenMaxAtPos1_ReturnTrue" classname="com.cg.findmax.FindMaxTest" time="0.004"/>
  <testcase name="givenMaxAtPos2_ReturnTrue" classname="com.cg.findmax.FindMaxTest" time="0.0"/>
  <testcase name="givenMaxAtPos3_ReturnTrue" classname="com.cg.findmax.FindMaxTest" time="0.0"/>
  <system-out><![CDATA[]]></system-out>
  <system-err><![CDATA[]]></system-err>
</testsuite>
